Notice: it is a crossflow
tfa_in(c), tfa_out(c), humidfa_in(kg/kg), humidfa_out(kg/kg), rhfa_in, rhfa_out, Pvapfa_in(pa), Pvapfa_out(pa),	tpf_in(c), tpf_out(c), humidpf_in(kg / kg), humidpf_out(kg / kg), rhpf_in, rhpf_out, Pvappf_in(pa), Pvappf_out(pa)
35, 28.7351, 0.0211578, 0.0141326, 0.59, 0.568087, 3297.57, 2227.2, 27, 33.2652, 0.0121019, 0.0190648, 0.54, 0.587448, 1913.34, 2981.15
tfa(c)_MAP
D/L_index, 0, 1, 2, 3, 4, 5, 6, 7, 8, 9, 10, 11, 12, 13, 14, 15, 16, 17, 18, 19, 20
0, 33.102, 33.5606, 33.9075, 34.1701, 34.3692, 34.5202, 34.6349, 34.7221, 34.7884, 34.8388, 34.8773, 34.9065, 34.9288, 34.9457, 34.9587, 34.9685, 34.976, 34.9817, 34.9861, 34.9894, 34.9919
1, 31.6492, 32.3491, 32.9052, 33.3463, 33.6956, 33.9721, 34.1906, 34.3632, 34.4994, 34.6067, 34.6913, 34.7579, 34.8103, 34.8514, 34.8837, 34.909, 34.9289, 34.9445, 34.9566, 34.9662, 34.9736
2, 30.5396, 31.3397, 32.006, 32.558, 33.0133, 33.3874, 33.6939, 33.9441, 34.148, 34.3136, 34.4479, 34.5566, 34.6445, 34.7153, 34.7723, 34.8181, 34.8548, 34.8843, 34.9079, 34.9267, 34.9418
3, 29.6933, 30.5057, 31.2133, 31.8238, 32.3467, 32.7914, 33.1675, 33.484, 33.7493, 33.9707, 34.1548, 34.3075, 34.4337, 34.5379, 34.6235, 34.6938, 34.7514, 34.7984, 34.8368, 34.8681, 34.8935
4, 29.0485, 29.8213, 30.524, 31.154, 31.7126, 32.2031, 32.6304, 33, 33.3177, 33.5894, 33.8207, 34.0167, 34.1822, 34.3214, 34.4382, 34.5358, 34.6173, 34.685, 34.7412, 34.7877, 34.8262
5, 28.5575, 29.263, 29.9314, 30.5528, 31.122, 31.6368, 32.0977, 32.5065, 32.8665, 33.1812, 33.4548, 33.6914, 33.895, 34.0695, 34.2185, 34.3452, 34.4526, 34.5433, 34.6198, 34.6841, 34.7381
6, 28.1839, 28.8099, 29.4267, 30.0203, 30.5808, 31.1022, 31.5809, 32.0158, 32.4072, 32.7566, 33.0664, 33.3393, 33.5784, 33.7868, 33.9676, 34.1239, 34.2583, 34.3737, 34.4723, 34.5564, 34.6278
7, 27.8997, 28.4436, 29.0003, 29.5538, 30.0918, 30.6055, 31.0886, 31.5373, 31.9496, 32.325, 32.664, 32.9679, 33.2386, 33.4783, 33.6896, 33.8748, 34.0366, 34.1772, 34.2991, 34.4043, 34.4949
8, 27.6836, 28.1487, 28.6425, 29.1489, 29.655, 30.1502, 30.6266, 31.0785, 31.502, 31.8947, 32.2555, 32.5844, 32.8821, 33.1497, 33.389, 33.6017, 33.7899, 33.9558, 34.1013, 34.2285, 34.3393
9, 27.5193, 27.912, 28.3439, 28.8004, 29.2685, 29.7375, 30.1986, 30.6447, 31.0706, 31.4725, 31.848, 32.1957, 32.5151, 32.8065, 33.0705, 33.3084, 33.5217, 33.7119, 33.8808, 34.0302, 34.1618
10, 27.3945, 27.7227, 28.0962, 28.5024, 28.9295, 29.3671, 29.8063, 30.2394, 30.6603, 31.0641, 31.4474, 31.8077, 32.1435, 32.454, 32.7391, 32.9993, 33.2354, 33.4485, 33.6398, 33.811, 33.9633
11, 27.2996, 27.5717, 27.8916, 28.2491, 28.6343, 29.0376, 29.4503, 29.8647, 30.2744, 30.6738, 31.0587, 31.4257, 31.7724, 32.0973, 32.3995, 32.6786, 32.9348, 33.1687, 33.3811, 33.573, 33.7457
12, 27.2275, 27.4514, 27.7232, 28.0352, 28.379, 28.7466, 29.1299, 29.5215, 29.915, 30.3047, 30.6856, 31.0539, 31.4066, 31.7412, 32.0561, 32.3505, 32.6238, 32.876, 33.1075, 33.3188, 33.5109
13, 27.1728, 27.3559, 27.5852, 27.8552, 28.1595, 28.4913, 28.8436, 29.2098, 29.5835, 29.959, 30.3313, 30.6961, 31.0498, 31.3896, 31.7132, 32.019, 32.3061, 32.5739, 32.8221, 33.051, 33.2611
14, 27.1312, 27.2802, 27.4725, 27.7045, 27.9718, 28.2688, 28.5897, 28.9287, 29.2799, 29.638, 29.9977, 30.3548, 30.7054, 31.0461, 31.3743, 31.6879, 31.9854, 32.2657, 32.5281, 32.7725, 32.9988
15, 27.0996, 27.2203, 27.3807, 27.5789, 27.8119, 28.0758, 28.3658, 28.6769, 29.004, 29.3421, 29.6863, 30.0323, 30.3759, 30.7137, 31.0427, 31.3605, 31.665, 31.9547, 32.2286, 32.486, 32.7265
16, 27.0756, 27.173, 27.3061, 27.4745, 27.6765, 27.9093, 28.1694, 28.4528, 28.7549, 29.0714, 29.3978, 29.7297, 30.0632, 30.3948, 30.7212, 31.0396, 31.3479, 31.644, 31.9266, 32.1945, 32.4471
17, 27.0574, 27.1357, 27.2457, 27.388, 27.5621, 27.7663, 27.9981, 28.2543, 28.5314, 28.8253, 29.1321, 29.4479, 29.7688, 30.0912, 30.4119, 30.728, 31.0368, 31.3363, 31.6247, 31.9006, 32.1629
18, 27.0436, 27.1064, 27.1969, 27.3166, 27.4659, 27.644, 27.8493, 28.0795, 28.3318, 28.6028, 28.8892, 29.1872, 29.4934, 29.8043, 30.1167, 30.4275, 30.7341, 31.0342, 31.3257, 31.6069, 31.8765
19, 27.0331, 27.0833, 27.1575, 27.2579, 27.3853, 27.5398, 27.7207, 27.9263, 28.1546, 28.4029, 28.6682, 28.9475, 29.2375, 29.535, 29.8367, 30.1399, 30.4417, 30.7397, 31.0317, 31.3158, 31.5904
20, 27.0251, 27.0651, 27.1258, 27.2096, 27.3179, 27.4514, 27.6099, 27.7925, 27.9979, 28.224, 28.4684, 28.7283, 29.0011, 29.2836, 29.5731, 29.8665, 30.1613, 30.4548, 30.7449, 31.0294, 31.3066
tfam(c)_MAP
D/L_index, 0, 1, 2, 3, 4, 5, 6, 7, 8, 9, 10, 11, 12, 13, 14, 15, 16, 17, 18, 19, 20
0, 31.0643, 32.013, 32.7312, 33.2755, 33.6884, 34.002, 34.2403, 34.4216, 34.5595, 34.6645, 34.7444, 34.8053, 34.8517, 34.887, 34.9139, 34.9344, 34.95, 34.9619, 34.971, 34.9779, 34.9832
1, 30.0874, 31.0461, 31.8264, 32.4588, 32.9695, 33.3807, 33.7109, 33.9755, 34.187, 34.3558, 34.4902, 34.5971, 34.682, 34.7493, 34.8025, 34.8446, 34.8779, 34.9041, 34.9248, 34.941, 34.9538
2, 29.3454, 30.2536, 31.0383, 31.7092, 32.2781, 32.7571, 33.1579, 33.4917, 33.7684, 33.9968, 34.1848, 34.339, 34.4651, 34.568, 34.6517, 34.7196, 34.7747, 34.8192, 34.8551, 34.8841, 34.9073
3, 28.7817, 29.6079, 30.36, 31.0335, 31.6287, 32.1491, 32.6, 32.9877, 33.3189, 33.6003, 33.8381, 34.0382, 34.2059, 34.346, 34.4626, 34.5593, 34.6394, 34.7055, 34.7599, 34.8045, 34.8412
4, 28.3535, 29.0843, 29.7819, 30.4329, 31.0299, 31.5695, 32.0516, 32.4781, 32.8522, 33.178, 33.4599, 33.7026, 33.9103, 34.0874, 34.2378, 34.365, 34.4722, 34.5623, 34.6378, 34.7008, 34.7534
5, 28.0281, 28.6615, 29.2932, 29.9055, 30.486, 31.0269, 31.5238, 31.9747, 32.38, 32.7409, 33.06, 33.3403, 33.5849, 33.7974, 33.981, 34.139, 34.2744, 34.3901, 34.4885, 34.572, 34.6427
6, 27.7809, 28.3214, 28.883, 29.4468, 29.9981, 30.5264, 31.0243, 31.487, 31.9122, 32.2988, 32.6474, 32.9593, 33.2365, 33.4814, 33.6966, 33.8847, 34.0484, 34.1903, 34.3128, 34.4182, 34.5085
7, 27.5931, 28.0487, 28.5408, 29.0513, 29.5652, 30.0706, 30.5584, 31.0219, 31.4567, 31.8599, 32.2301, 32.5673, 32.8719, 33.1454, 33.3894, 33.6058, 33.7969, 33.9649, 34.1118, 34.2399, 34.3511
8, 27.4505, 27.8307, 28.2568, 28.7127, 29.1844, 29.6598, 30.129, 30.5844, 31.0198, 31.431, 31.8153, 32.1711, 32.4976, 32.7952, 33.0645, 33.3068, 33.5236, 33.7166, 33.8876, 34.0385, 34.1711
9, 27.3421, 27.6569, 28.0222, 28.4247, 28.8521, 29.293, 29.7375, 30.1774, 30.6059, 31.0178, 31.409, 31.7768, 32.1195, 32.4363, 32.727, 32.9919, 33.2321, 33.4485, 33.6426, 33.8158, 33.9698
10, 27.2598, 27.5186, 27.8291, 28.1812, 28.5642, 28.9681, 29.3838, 29.8028, 30.2183, 30.6242, 31.0159, 31.3897, 31.7429, 32.074, 32.3817, 32.6658, 32.9264, 33.164, 33.3796, 33.5742, 33.7489
11, 27.1973, 27.4088, 27.6709, 27.9762, 28.3162, 28.6825, 29.0667, 29.4611, 29.8587, 30.2533, 30.6399, 31.0141, 31.3726, 31.7129, 32.0333, 32.3327, 32.6106, 32.8668, 33.1018, 33.3161, 33.5106
12, 27.1498, 27.3218, 27.5417, 27.8045, 28.1039, 28.433, 28.7846, 29.1518, 29.528, 29.9071, 30.2838, 30.6535, 31.0124, 31.3573, 31.686, 31.9968, 32.2884, 32.5603, 32.8122, 33.0444, 33.2573
13, 27.1138, 27.2529, 27.4364, 27.6612, 27.9229, 28.2162, 28.5352, 28.8739, 29.2263, 29.5866, 29.9496, 30.3106, 30.6655, 31.0107, 31.3436, 31.6618, 31.9637, 32.2481, 32.5143, 32.7621, 32.9914
14, 27.0864, 27.1986, 27.3509, 27.5421, 27.7693, 28.0289, 28.316, 28.6258, 28.9529, 29.2921, 29.6384, 29.9873, 30.3344, 30.6761, 31.0092, 31.3311, 31.6397, 31.9334, 32.2111, 32.472, 32.7157
15, 27.0656, 27.1558, 27.2817, 27.4434, 27.6396, 27.8677, 28.1244, 28.4056, 28.7068, 29.0234, 29.3508, 29.6847, 30.0209, 30.3556, 30.6855, 31.0077, 31.3197, 31.6195, 31.9057, 32.1771, 32.4329
16, 27.0498, 27.122, 27.2257, 27.3619, 27.5304, 27.7298, 27.9577, 28.2112, 28.4865, 28.7797, 29.0868, 29.4037, 29.7264, 30.0512, 30.3748, 30.694, 31.0062, 31.3091, 31.601, 31.8802, 32.1457
17, 27.0378, 27.0955, 27.1806, 27.2948, 27.4388, 27.6121, 27.8134, 28.0404, 28.2904, 28.5601, 28.8459, 29.1443, 29.4516, 29.7642, 30.0787, 30.3922, 30.7017, 31.0048, 31.2994, 31.5838, 31.8565
18, 27.0287, 27.0747, 27.1443, 27.2397, 27.3622, 27.5121, 27.6889, 27.8911, 28.1167, 28.3631, 28.6274, 28.9063, 29.1967, 29.4952, 29.7986, 30.1038, 30.408, 30.7086, 31.0034, 31.2904, 31.5679
19, 27.0218, 27.0584, 27.1151, 27.1945, 27.2983, 27.4275, 27.582, 27.7611, 27.9635, 28.1873, 28.4301, 28.6892, 28.9618, 29.2447, 29.5352, 29.8301, 30.1267, 30.4225, 30.715, 31.0021, 31.282
20, 27.0165, 27.0456, 27.0917, 27.1576, 27.2452, 27.356, 27.4904, 27.6483, 27.829, 28.0312, 28.2529, 28.4921, 28.7463, 29.0128, 29.289, 29.5719, 29.8591, 30.1479, 30.4358, 30.7208, 31.0008
tpfm(c)_MAP
D/L_index, 0, 1, 2, 3, 4, 5, 6, 7, 8, 9, 10, 11, 12, 13, 14, 15, 16, 17, 18, 19, 20
0, 31.062, 32.0113, 32.7299, 33.2745, 33.6877, 34.0014, 34.2399, 34.4212, 34.5592, 34.6643, 34.7443, 34.8052, 34.8516, 34.8869, 34.9139, 34.9344, 34.95, 34.9619, 34.971, 34.9779, 34.9832
1, 30.0857, 31.0447, 31.8252, 32.4578, 32.9687, 33.38, 33.7104, 33.975, 34.1866, 34.3555, 34.49, 34.5969, 34.6818, 34.7492, 34.8024, 34.8446, 34.8778, 34.9041, 34.9247, 34.941, 34.9538
2, 29.3441, 30.2524, 31.0372, 31.7083, 32.2773, 32.7564, 33.1573, 33.4912, 33.768, 33.9965, 34.1845, 34.3388, 34.4649, 34.5678, 34.6516, 34.7195, 34.7746, 34.8191, 34.8551, 34.884, 34.9073
3, 28.7807, 29.6069, 30.359, 31.0326, 31.6279, 32.1484, 32.5994, 32.9872, 33.3184, 33.5999, 33.8377, 34.0379, 34.2057, 34.3458, 34.4624, 34.5592, 34.6393, 34.7054, 34.7598, 34.8045, 34.8411
4, 28.3527, 29.0835, 29.781, 30.4321, 31.0291, 31.5688, 32.051, 32.4775, 32.8517, 33.1775, 33.4595, 33.7022, 33.91, 34.0872, 34.2376, 34.3648, 34.472, 34.5621, 34.6376, 34.7007, 34.7533
5, 28.0275, 28.6608, 29.2925, 29.9048, 30.4853, 31.0262, 31.5231, 31.9742, 32.3794, 32.7404, 33.0596, 33.3399, 33.5846, 33.7971, 33.9807, 34.1388, 34.2742, 34.3899, 34.4884, 34.5719, 34.6426
6, 27.7805, 28.3209, 28.8824, 29.4462, 29.9975, 30.5258, 31.0237, 31.4865, 31.9116, 32.2983, 32.6469, 32.9589, 33.2362, 33.4811, 33.6963, 33.8844, 34.0481, 34.1901, 34.3126, 34.418, 34.5084
7, 27.5928, 28.0483, 28.5403, 29.0507, 29.5646, 30.07, 30.5578, 31.0214, 31.4562, 31.8594, 32.2297, 32.5668, 32.8715, 33.145, 33.389, 33.6055, 33.7967, 33.9646, 34.1116, 34.2397, 34.3509
8, 27.4502, 27.8304, 28.2564, 28.7122, 29.1838, 29.6592, 30.1285, 30.5838, 31.0193, 31.4305, 31.8149, 32.1706, 32.4972, 32.7948, 33.0641, 33.3064, 33.5233, 33.7163, 33.8873, 34.0383, 34.1709
9, 27.3419, 27.6566, 28.0218, 28.4243, 28.8516, 29.2925, 29.737, 30.1769, 30.6054, 31.0173, 31.4085, 31.7763, 32.1191, 32.4359, 32.7266, 32.9916, 33.2317, 33.4482, 33.6423, 33.8156, 33.9696
10, 27.2597, 27.5183, 27.8288, 28.1808, 28.5638, 28.9677, 29.3833, 29.8024, 30.2178, 30.6237, 31.0154, 31.3892, 31.7425, 32.0735, 32.3813, 32.6654, 32.9261, 33.1637, 33.3793, 33.5739, 33.7487
11, 27.1972, 27.4086, 27.6707, 27.9759, 28.3159, 28.6821, 29.0663, 29.4607, 29.8582, 30.2529, 30.6394, 31.0136, 31.3722, 31.7125, 32.0329, 32.3323, 32.6102, 32.8665, 33.1014, 33.3158, 33.5104
12, 27.1497, 27.3216, 27.5415, 27.8042, 28.1036, 28.4326, 28.7842, 29.1514, 29.5276, 29.9067, 30.2834, 30.6531, 31.0119, 31.3569, 31.6856, 31.9964, 32.288, 32.5599, 32.8119, 33.0441, 33.257
13, 27.1137, 27.2528, 27.4363, 27.661, 27.9226, 28.2159, 28.5349, 28.8735, 29.2259, 29.5862, 29.9492, 30.3102, 30.665, 31.0103, 31.3432, 31.6614, 31.9633, 32.2477, 32.514, 32.7618, 32.9911
14, 27.0863, 27.1985, 27.3508, 27.5419, 27.7691, 28.0286, 28.3157, 28.6255, 28.9525, 29.2917, 29.638, 29.9869, 30.334, 30.6756, 31.0088, 31.3307, 31.6393, 31.9331, 32.2108, 32.4717, 32.7154
15, 27.0655, 27.1557, 27.2816, 27.4433, 27.6394, 27.8675, 28.1242, 28.4053, 28.7064, 29.023, 29.3505, 29.6844, 30.0205, 30.3552, 30.6851, 31.0073, 31.3193, 31.6192, 31.9054, 32.1768, 32.4326
16, 27.0498, 27.122, 27.2256, 27.3618, 27.5302, 27.7296, 27.9575, 28.2109, 28.4862, 28.7794, 29.0865, 29.4034, 29.7261, 30.0509, 30.3744, 30.6936, 31.0058, 31.3088, 31.6006, 31.8798, 32.1453
17, 27.0378, 27.0955, 27.1805, 27.2947, 27.4387, 27.612, 27.8132, 28.0402, 28.2901, 28.5598, 28.8456, 29.144, 29.4512, 29.7638, 30.0784, 30.3918, 30.7013, 31.0044, 31.2991, 31.5834, 31.8562
18, 27.0287, 27.0747, 27.1442, 27.2396, 27.3621, 27.512, 27.6887, 27.8909, 28.1165, 28.3628, 28.6271, 28.906, 29.1964, 29.4949, 29.7982, 30.1034, 30.4076, 30.7083, 31.0031, 31.29, 31.5675
19, 27.0218, 27.0583, 27.115, 27.1944, 27.2982, 27.4274, 27.5818, 27.7609, 27.9633, 28.1871, 28.4298, 28.6889, 28.9615, 29.2444, 29.5348, 29.8298, 30.1264, 30.4222, 30.7146, 31.0017, 31.2816
20, 27.0165, 27.0455, 27.0916, 27.1575, 27.2452, 27.3559, 27.4903, 27.6482, 27.8289, 28.031, 28.2527, 28.4919, 28.746, 29.0125, 29.2886, 29.5716, 29.8588, 30.1475, 30.4355, 30.7205, 31.0005
tpf(c)_MAP
D/L_index, 0, 1, 2, 3, 4, 5, 6, 7, 8, 9, 10, 11, 12, 13, 14, 15, 16, 17, 18, 19, 20
0, 28.9513, 30.4196, 31.5268, 32.3634, 32.9967, 33.4768, 33.8412, 34.118, 34.3286, 34.4887, 34.6106, 34.7034, 34.7741, 34.8279, 34.8689, 34.9001, 34.9239, 34.942, 34.9558, 34.9664, 34.9744
1, 28.4805, 29.7102, 30.7238, 31.5543, 32.2312, 32.7806, 33.225, 33.5833, 33.8714, 34.1025, 34.2874, 34.4351, 34.5528, 34.6465, 34.7209, 34.7799, 34.8266, 34.8635, 34.8927, 34.9157, 34.9339
2, 28.1238, 29.1441, 30.0512, 30.8449, 31.5307, 32.1172, 32.6147, 33.0337, 33.3845, 33.6768, 33.9192, 34.1195, 34.2843, 34.4196, 34.5302, 34.6205, 34.694, 34.7537, 34.802, 34.8411, 34.8727
3, 27.8532, 28.6934, 29.4913, 30.2295, 30.8991, 31.4971, 32.0245, 32.4849, 32.8834, 33.2258, 33.5181, 33.7663, 33.9761, 34.1525, 34.3004, 34.4239, 34.5266, 34.6119, 34.6824, 34.7406, 34.7886
4, 27.6479, 28.3354, 29.0277, 29.7002, 30.3365, 30.9265, 31.4646, 31.9492, 32.3808, 32.7617, 33.0952, 33.3852, 33.6359, 33.8513, 34.0357, 34.1928, 34.326, 34.4387, 34.5336, 34.6133, 34.6801
5, 27.492, 28.0516, 28.6457, 29.2485, 29.8406, 30.4082, 30.9419, 31.4358, 31.8873, 32.2953, 32.6607, 32.9853, 33.2716, 33.5226, 33.7414, 33.9311, 34.0949, 34.2357, 34.3563, 34.4591, 34.5466
6, 27.3736, 27.827, 28.3322, 28.8654, 29.4074, 29.9427, 30.4601, 30.9513, 31.4108, 31.8354, 32.2235, 32.5751, 32.8911, 33.173, 33.423, 33.6433, 33.8366, 34.0053, 34.152, 34.2789, 34.3884
7, 27.2837, 27.6496, 28.0759, 28.5424, 29.0317, 29.5286, 30.0212, 30.4999, 30.9575, 31.389, 31.7911, 32.1621, 32.5013, 32.809, 33.0862, 33.3343, 33.5551, 33.7507, 33.923, 34.0741, 34.2062
8, 27.2154, 27.5097, 27.867, 28.2715, 28.7081, 29.1633, 29.6252, 30.084, 30.5316, 30.9617, 31.3699, 31.7529, 32.1088, 32.4368, 32.7367, 33.0089, 33.2547, 33.4752, 33.672, 33.8469, 34.0015
9, 27.1636, 27.3995, 27.6972, 28.0451, 28.431, 28.8433, 29.271, 29.7045, 30.1356, 30.5575, 30.9647, 31.353, 31.7194, 32.062, 32.3798, 32.6722, 32.9396, 33.1826, 33.4022, 33.5996, 33.7763
10, 27.1242, 27.3128, 27.5597, 27.8568, 28.1951, 28.5647, 28.9564, 29.3612, 29.7711, 30.1791, 30.5792, 30.9668, 31.3379, 31.6897, 32.0205, 32.3288, 32.6143, 32.8769, 33.1169, 33.3352, 33.5327
11, 27.0943, 27.2447, 27.4484, 27.7008, 27.995, 28.3237, 28.679, 29.053, 29.4383, 29.8281, 30.2163, 30.5978, 30.9682, 31.3243, 31.6632, 31.9832, 32.283, 32.5619, 32.8197, 33.0568, 33.2735
12, 27.0716, 27.1912, 27.3588, 27.5718, 27.8262, 28.1163, 28.4358, 28.7782, 29.1367, 29.5051, 29.8775, 30.2486, 30.6138, 30.9693, 31.3119, 31.6393, 31.9495, 32.2414, 32.5141, 32.7674, 33.0013
13, 27.0544, 27.1493, 27.2866, 27.4656, 27.6842, 27.9385, 28.2238, 28.5346, 28.8653, 29.2102, 29.5638, 29.9209, 30.2769, 30.6278, 30.97, 31.3007, 31.6176, 31.9189, 32.2034, 32.4703, 32.7192
14, 27.0413, 27.1165, 27.2286, 27.3784, 27.5653, 27.7869, 28.0398, 28.32, 28.6226, 28.9427, 29.2754, 29.6158, 29.9594, 30.302, 30.6401, 30.9705, 31.2904, 31.5978, 31.8909, 32.1686, 32.43
15, 27.0313, 27.0908, 27.1821, 27.307, 27.466, 27.658, 27.881, 28.1318, 28.4066, 28.7015, 29.012, 29.3336, 29.6623, 29.9938, 30.3245, 30.6511, 30.9707, 31.2809, 31.5795, 31.8651, 32.1364
16, 27.0238, 27.0708, 27.1448, 27.2486, 27.3833, 27.5489, 27.7443, 27.9675, 28.2156, 28.4853, 28.7729, 29.0745, 29.3862, 29.7042, 30.0248, 30.3448, 30.661, 30.9708, 31.272, 31.5627, 31.8413
17, 27.0181, 27.0551, 27.1151, 27.201, 27.3146, 27.4568, 27.6273, 27.8248, 28.0473, 28.2924, 28.557, 28.8378, 29.1312, 29.4338, 29.7422, 30.0529, 30.3631, 30.6699, 30.9708, 31.2638, 31.5471
18, 27.0137, 27.0429, 27.0913, 27.1622, 27.2578, 27.3794, 27.5273, 27.7012, 27.8998, 28.1213, 28.3632, 28.6228, 28.8972, 29.1831, 29.4774, 29.7768, 30.0786, 30.3798, 30.6779, 30.9707, 31.2561
19, 27.0104, 27.0333, 27.0724, 27.1308, 27.2109, 27.3144, 27.4423, 27.5947, 27.771, 27.97, 28.1899, 28.4286, 28.6835, 28.9518, 29.2307, 29.5173, 29.8086, 30.1021, 30.3951, 30.6853, 30.9705
20, 27.0079, 27.0259, 27.0573, 27.1053, 27.1722, 27.26, 27.3701, 27.5031, 27.6589, 27.8368, 28.0357, 28.2539, 28.4893, 28.7395, 29.0022, 29.2746, 29.554, 29.8379, 30.1238, 30.4092, 30.692
humidfa(kg/kg)_MAP
D/L_index, 0, 1, 2, 3, 4, 5, 6, 7, 8, 9, 10, 11, 12, 13, 14, 15, 16, 17, 18, 19, 20
0, 0.0191143, 0.0194822, 0.0198229, 0.0201191, 0.0203645, 0.0205606, 0.0207132, 0.0208296, 0.020917, 0.0209819, 0.0210297, 0.0210648, 0.0210904, 0.021109, 0.0211225, 0.0211323, 0.0211393, 0.0211445, 0.0211482, 0.0211508, 0.0211528
1, 0.017619, 0.0181563, 0.0186653, 0.0191254, 0.0195261, 0.0198651, 0.020145, 0.0203718, 0.0205525, 0.0206948, 0.0208056, 0.020891, 0.0209565, 0.0210064, 0.0210443, 0.0210728, 0.0210943, 0.0211105, 0.0211225, 0.0211316, 0.0211383
2, 0.0164932, 0.0170974, 0.0176797, 0.0182211, 0.0187103, 0.019142, 0.0195152, 0.0198322, 0.0200973, 0.0203159, 0.020494, 0.0206376, 0.0207522, 0.0208431, 0.0209146, 0.0209705, 0.021014, 0.0210477, 0.0210737, 0.0210937, 0.021109
3, 0.0156279, 0.016244, 0.0168461, 0.0174183, 0.01795, 0.0184347, 0.0188689, 0.0192519, 0.0195847, 0.01987, 0.0201115, 0.0203136, 0.0204809, 0.0206181, 0.0207296, 0.0208197, 0.0208919, 0.0209494, 0.020995, 0.021031, 0.0210593
4, 0.0149521, 0.0155504, 0.0161422, 0.0167146, 0.0172585, 0.017767, 0.0182358, 0.0186618, 0.0190439, 0.0193821, 0.0196777, 0.0199332, 0.0201514, 0.020336, 0.0204906, 0.0206189, 0.0207247, 0.0208112, 0.0208816, 0.0209384, 0.0209841
5, 0.014418, 0.0149826, 0.0155473, 0.0161019, 0.0166384, 0.0171507, 0.0176337, 0.0180835, 0.0184975, 0.0188739, 0.0192121, 0.0195124, 0.0197761, 0.0200053, 0.0202024, 0.0203704, 0.0205124, 0.0206313, 0.0207303, 0.0208121, 0.0208794
6, 0.0139918, 0.0145149, 0.0150437, 0.0155701, 0.0160872, 0.0165895, 0.0170722, 0.0175308, 0.017962, 0.0183629, 0.0187316, 0.0190667, 0.0193683, 0.0196366, 0.019873, 0.0200793, 0.0202577, 0.0204105, 0.0205406, 0.0206503, 0.0207423
7, 0.0136491, 0.0141276, 0.0146166, 0.0151092, 0.0155998, 0.0160834, 0.0165554, 0.0170117, 0.0174483, 0.017862, 0.01825, 0.01861, 0.0189406, 0.0192412, 0.0195117, 0.0197528, 0.0199657, 0.020152, 0.0203137, 0.0204529, 0.0205719
8, 0.013372, 0.0138056, 0.0142534, 0.0147099, 0.0151701, 0.0156295, 0.0160841, 0.0165299, 0.0169631, 0.0173802, 0.0177778, 0.0181534, 0.0185046, 0.0188298, 0.0191281, 0.0193991, 0.019643, 0.0198605, 0.0200529, 0.0202217, 0.0203686
9, 0.0131468, 0.0135368, 0.0139442, 0.014364, 0.014792, 0.0152242, 0.0156571, 0.0160869, 0.01651, 0.016923, 0.0173225, 0.0177056, 0.0180695, 0.018412, 0.0187314, 0.0190266, 0.0192969, 0.0195423, 0.019763, 0.0199601, 0.0201345
10, 0.012963, 0.0133119, 0.0136804, 0.0140642, 0.0144596, 0.0148633, 0.0152719, 0.015682, 0.0160905, 0.0164939, 0.0168891, 0.017273, 0.0176427, 0.0179957, 0.0183298, 0.0186433, 0.0189348, 0.0192037, 0.0194495, 0.0196724, 0.0198729
11, 0.0128126, 0.0131232, 0.0134549, 0.0138042, 0.0141677, 0.0145425, 0.0149255, 0.0153138, 0.0157044, 0.0160943, 0.0164804, 0.0168598, 0.0172297, 0.0175872, 0.0179301, 0.0182562, 0.0185638, 0.0188514, 0.0191182, 0.0193637, 0.0195879
12, 0.0126891, 0.0129645, 0.0132621, 0.0135787, 0.0139115, 0.0142577, 0.0146148, 0.0149801, 0.0153509, 0.0157245, 0.0160981, 0.016469, 0.0168343, 0.0171914, 0.0175379, 0.0178714, 0.0181898, 0.0184915, 0.0187751, 0.0190395, 0.0192842
13, 0.0125876, 0.0128309, 0.013097, 0.013383, 0.0136865, 0.0140052, 0.0143366, 0.0146784, 0.0150284, 0.0153839, 0.0157426, 0.0161018, 0.016459, 0.0168117, 0.0171573, 0.0174936, 0.0178183, 0.0181295, 0.0184255, 0.0187049, 0.0189667
14, 0.0125039, 0.0127182, 0.0129554, 0.0132131, 0.0134891, 0.0137813, 0.0140878, 0.0144063, 0.0147349, 0.0150714, 0.0154135, 0.015759, 0.0161053, 0.0164503, 0.0167915, 0.0171266, 0.0174535, 0.01777, 0.0180743, 0.0183648, 0.0186401
15, 0.0124349, 0.0126232, 0.0128341, 0.0130656, 0.0133159, 0.0135831, 0.0138655, 0.0141613, 0.0144686, 0.0147856, 0.0151101, 0.0154402, 0.0157738, 0.0161086, 0.0164425, 0.0167733, 0.0170988, 0.017417, 0.0177259, 0.0180237, 0.0183088
16, 0.0123779, 0.0125428, 0.0127299, 0.0129375, 0.0131639, 0.0134076, 0.0136672, 0.013941, 0.0142273, 0.0145247, 0.0148312, 0.0151451, 0.0154645, 0.0157874, 0.0161117, 0.0164355, 0.0167568, 0.0170734, 0.0173835, 0.0176853, 0.0179769
17, 0.0123307, 0.0124749, 0.0126405, 0.0128262, 0.0130306, 0.0132524, 0.0134903, 0.013743, 0.0140091, 0.0142871, 0.0145755, 0.0148727, 0.0151769, 0.0154866, 0.0157998, 0.0161146, 0.0164292, 0.0167417, 0.0170501, 0.0173527, 0.0176478
18, 0.0122917, 0.0124175, 0.0125638, 0.0127295, 0.0129136, 0.0131151, 0.0133327, 0.0135653, 0.0138119, 0.014071, 0.0143415, 0.0146218, 0.0149105, 0.0152061, 0.0155069, 0.0158112, 0.0161173, 0.0164234, 0.0167278, 0.0170287, 0.0173243
19, 0.0122594, 0.0123689, 0.0124979, 0.0126456, 0.0128111, 0.0129937, 0.0131923, 0.013406, 0.0136339, 0.0138749, 0.0141277, 0.0143913, 0.0146642, 0.0149452, 0.0152328, 0.0155255, 0.0158217, 0.0161198, 0.0164181, 0.016715, 0.0170088
20, 0.0122326, 0.0123278, 0.0124414, 0.0125727, 0.0127213, 0.0128864, 0.0130673, 0.0132633, 0.0134735, 0.013697, 0.0139328, 0.0141799, 0.0144371, 0.0147034, 0.0149773, 0.0152575, 0.0155428, 0.0158314, 0.0161221, 0.0164132, 0.0167031
humidpf(kg/kg)_MAP
D/L_index, 0, 1, 2, 3, 4, 5, 6, 7, 8, 9, 10, 11, 12, 13, 14, 15, 16, 17, 18, 19, 20
0, 0.0141273, 0.015788, 0.017111, 0.0181405, 0.0189267, 0.0195186, 0.0199592, 0.0202845, 0.0205231, 0.0206975, 0.0208244, 0.0209166, 0.0209834, 0.0210318, 0.0210668, 0.021092, 0.0211103, 0.0211235, 0.021133, 0.0211399, 0.0211449
1, 0.0135839, 0.0148981, 0.0160455, 0.0170304, 0.0178613, 0.0185507, 0.0191139, 0.0195676, 0.0199288, 0.0202134, 0.0204355, 0.0206077, 0.0207404, 0.020842, 0.0209195, 0.0209784, 0.021023, 0.0210567, 0.0210821, 0.0211012, 0.0211156
2, 0.0132177, 0.0142671, 0.015244, 0.0161403, 0.0169488, 0.0176655, 0.0182898, 0.0188245, 0.0192758, 0.0196513, 0.0199601, 0.0202113, 0.0204138, 0.0205757, 0.0207043, 0.0208057, 0.0208854, 0.0209476, 0.0209961, 0.0210337, 0.0210627
3, 0.0129596, 0.0138054, 0.0146316, 0.0154273, 0.0161809, 0.0168819, 0.0175225, 0.0180977, 0.0186058, 0.0190477, 0.0194268, 0.0197479, 0.0200169, 0.0202399, 0.0204232, 0.0205726, 0.0206936, 0.020791, 0.020869, 0.0209311, 0.0209803
4, 0.0127717, 0.0134591, 0.0141568, 0.0148543, 0.0155397, 0.0162013, 0.0168289, 0.0174137, 0.0179497, 0.0184333, 0.0188632, 0.0192403, 0.0195668, 0.0198464, 0.0200833, 0.0202822, 0.0204479, 0.0205849, 0.0206973, 0.0207891, 0.0208636
5, 0.0126313, 0.0131941, 0.0137837, 0.014391, 0.0150056, 0.0156165, 0.0162132, 0.0167864, 0.0173278, 0.0178315, 0.018293, 0.0187101, 0.0190821, 0.0194098, 0.0196954, 0.0199417, 0.0201522, 0.0203305, 0.0204804, 0.0206055, 0.0207093
6, 0.0125243, 0.0129879, 0.013487, 0.0140141, 0.0145604, 0.0151166, 0.0156731, 0.0162209, 0.0167516, 0.0172581, 0.0177343, 0.018176, 0.0185803, 0.0189457, 0.0192722, 0.0195607, 0.0198132, 0.020032, 0.0202201, 0.0203805, 0.0205163
7, 0.0124415, 0.0128254, 0.0132487, 0.0137056, 0.0141887, 0.0146904, 0.0152025, 0.0157171, 0.0162263, 0.0167227, 0.0172, 0.0176527, 0.0180766, 0.0184685, 0.0188266, 0.0191503, 0.0194397, 0.0196959, 0.0199208, 0.0201165, 0.0202854
8, 0.0123766, 0.0126958, 0.0130557, 0.0134514, 0.0138773, 0.0143271, 0.0147942, 0.0152717, 0.0157526, 0.0162302, 0.0166981, 0.0171507, 0.0175829, 0.0179906, 0.0183708, 0.0187214, 0.0190413, 0.0193301, 0.0195885, 0.0198177, 0.0200192
9, 0.0123251, 0.0125915, 0.012898, 0.0132409, 0.0136156, 0.0140173, 0.0144406, 0.0148797, 0.0153288, 0.0157819, 0.0162331, 0.0166769, 0.0171082, 0.0175223, 0.0179154, 0.0182846, 0.0186276, 0.0189431, 0.0192304, 0.0194897, 0.0197218
10, 0.0122841, 0.012507, 0.0127685, 0.0130656, 0.013395, 0.0137527, 0.0141345, 0.0145358, 0.0149517, 0.015377, 0.0158066, 0.0162354, 0.0166584, 0.017071, 0.017469, 0.0178489, 0.0182078, 0.0185433, 0.0188541, 0.0191392, 0.0193985
11, 0.012251, 0.0124381, 0.0126615, 0.0129191, 0.0132084, 0.0135264, 0.0138697, 0.0142347, 0.0146173, 0.0150133, 0.0154183, 0.0158278, 0.0162371, 0.0166419, 0.0170381, 0.0174217, 0.0177895, 0.0181387, 0.018467, 0.0187729, 0.0190554
12, 0.0122243, 0.0123815, 0.0125726, 0.0127961, 0.0130501, 0.0133324, 0.0136404, 0.0139711, 0.0143215, 0.014688, 0.0150669, 0.0154544, 0.0158462, 0.0162385, 0.0166273, 0.0170087, 0.0173793, 0.017736, 0.0180762, 0.0183975, 0.0186985
13, 0.0122025, 0.012335, 0.0124986, 0.0126926, 0.0129155, 0.0131659, 0.0134416, 0.0137406, 0.0140603, 0.0143978, 0.0147502, 0.0151141, 0.015486, 0.0158624, 0.0162396, 0.016614, 0.0169823, 0.0173411, 0.0176876, 0.0180192, 0.0183339
14, 0.0121848, 0.0122965, 0.0124368, 0.0126051, 0.0128008, 0.0130226, 0.0132692, 0.0135389, 0.0138297, 0.0141394, 0.0144656, 0.0148054, 0.015156, 0.0155142, 0.0158768, 0.0162405, 0.016602, 0.0169583, 0.0173063, 0.0176433, 0.017967
15, 0.0121703, 0.0122646, 0.0123849, 0.0125311, 0.0127028, 0.0128992, 0.0131195, 0.0133624, 0.0136263, 0.0139097, 0.0142104, 0.0145263, 0.0148549, 0.0151935, 0.0155394, 0.0158896, 0.0162411, 0.016591, 0.0169364, 0.0172745, 0.0176028
16, 0.0121584, 0.012238, 0.0123413, 0.0124682, 0.0126189, 0.0127928, 0.0129894, 0.0132078, 0.0134469, 0.0137055, 0.0139819, 0.0142744, 0.014581, 0.0148995, 0.0152273, 0.0155621, 0.0159011, 0.0162416, 0.0165809, 0.0169163, 0.0172453
17, 0.0121487, 0.0122159, 0.0123045, 0.0124148, 0.012547, 0.0127009, 0.0128762, 0.0130724, 0.0132887, 0.0135242, 0.0137777, 0.0140477, 0.0143327, 0.0146308, 0.01494, 0.0152581, 0.0155827, 0.0159116, 0.016242, 0.0165716, 0.0168978
18, 0.0121406, 0.0121975, 0.0122736, 0.0123694, 0.0124853, 0.0126214, 0.0127776, 0.0129537, 0.0131491, 0.0133632, 0.0135952, 0.0138438, 0.0141079, 0.0143859, 0.0146762, 0.014977, 0.0152861, 0.0156016, 0.015921, 0.0162423, 0.0165629
19, 0.0121339, 0.0121821, 0.0122474, 0.0123306, 0.0124322, 0.0125525, 0.0126917, 0.0128496, 0.0130259, 0.0132204, 0.0134322, 0.0136607, 0.0139047, 0.0141632, 0.0144348, 0.014718, 0.0150109, 0.0153119, 0.0156188, 0.0159297, 0.0162424
20, 0.0121285, 0.0121692, 0.0122253, 0.0122975, 0.0123866, 0.0124929, 0.0126168, 0.0127582, 0.0129172, 0.0130935, 0.0132867, 0.0134963, 0.0137213, 0.0139611, 0.0142144, 0.01448, 0.0147564, 0.0150422, 0.0153356, 0.0156347, 0.0159377
pvapfa(pa)_MAP
D/L_index, 0, 1, 2, 3, 4, 5, 6, 7, 8, 9, 10, 11, 12, 13, 14, 15, 16, 17, 18, 19, 20
0, 3297.57, 3297.57, 3297.57, 3297.57, 3297.57, 3297.57, 3297.57, 3297.57, 3297.57, 3297.57, 3297.57, 3297.57, 3297.57, 3297.57, 3297.57, 3297.57, 3297.57, 3297.57, 3297.57, 3297.57, 3297.57
1, 2988.66, 3044.42, 3096, 3140.8, 3177.88, 3207.5, 3230.54, 3248.09, 3261.27, 3271.06, 3278.27, 3283.56, 3287.41, 3290.22, 3292.25, 3293.72, 3294.79, 3295.56, 3296.12, 3296.52, 3296.82
2, 2761.37, 2843.15, 2920.51, 2990.33, 3051.07, 3102.38, 3144.72, 3178.98, 3206.28, 3227.75, 3244.47, 3257.36, 3267.24, 3274.76, 3280.46, 3284.77, 3288.01, 3290.44, 3292.26, 3293.62, 3294.64
3, 2589.54, 2681.82, 2770.6, 2853.01, 2927.35, 2992.85, 3049.41, 3097.4, 3137.5, 3170.54, 3197.44, 3219.12, 3236.42, 3250.13, 3260.91, 3269.34, 3275.89, 3280.97, 3284.89, 3287.91, 3290.22
4, 2457.03, 2551.41, 2643.45, 2730.76, 2811.76, 2885.47, 2951.42, 3009.51, 3059.94, 3103.12, 3139.65, 3170.19, 3195.46, 3216.18, 3233.01, 3246.6, 3257.48, 3266.16, 3273.04, 3278.46, 3282.73
5, 2353.3, 2445.15, 2535.81, 2623.36, 2706.39, 2783.9, 2855.23, 2919.98, 2977.97, 3029.24, 3074.03, 3112.68, 3145.69, 3173.58, 3196.93, 3216.31, 3232.27, 3245.32, 3255.93, 3264.5, 3271.4
6, 2271.16, 2357.99, 2444.67, 2529.64, 2611.71, 2689.94, 2763.58, 2832.08, 2895.02, 2952.18, 3003.48, 3048.99, 3088.92, 3123.59, 3153.4, 3178.78, 3200.22, 3218.18, 3233.12, 3245.46, 3255.6
7, 2205.52, 2286.07, 2367.37, 2448.16, 2527.4, 2604.24, 2677.96, 2747.91, 2813.59, 2874.57, 2930.57, 2981.44, 3027.15, 3067.8, 3103.58, 3134.78, 3161.74, 3184.84, 3204.47, 3221.04, 3234.93
8, 2152.67, 2226.44, 2301.71, 2377.42, 2452.71, 2526.8, 2599.02, 2668.72, 2735.34, 2798.37, 2857.39, 2912.11, 2962.31, 3007.89, 3048.88, 3085.39, 3117.6, 3145.77, 3170.2, 3191.24, 3209.2
9, 2109.89, 2176.8, 2245.82, 2316.06, 2386.77, 2457.27, 2526.92, 2595.13, 2661.31, 2724.94, 2785.54, 2842.7, 2896.09, 2945.49, 2990.74, 3031.82, 3068.76, 3101.69, 3130.79, 3156.31, 3178.5
10, 2075.1, 2135.34, 2198.18, 2262.84, 2328.68, 2395.09, 2461.5, 2527.34, 2592.08, 2655.19, 2716.16, 2774.54, 2829.93, 2882.02, 2930.55, 2975.35, 3016.34, 3053.51, 3086.94, 3116.75, 3143.13
11, 2046.69, 2100.61, 2157.49, 2216.67, 2277.56, 2339.65, 2402.4, 2465.32, 2527.89, 2589.61, 2650, 2708.59, 2764.95, 2818.71, 2869.53, 2917.17, 2961.43, 3002.21, 3039.46, 3073.21, 3103.56
12, 2023.42, 2071.45, 2122.7, 2176.59, 2232.62, 2290.31, 2349.2, 2408.84, 2468.75, 2528.48, 2587.56, 2645.54, 2701.99, 2756.51, 2808.73, 2858.34, 2905.09, 2948.76, 2989.25, 3026.47, 3060.42
13, 2004.32, 2046.92, 2092.92, 2141.81, 2193.13, 2246.48, 2301.43, 2357.59, 2414.53, 2471.83, 2529.06, 2585.8, 2641.64, 2696.16, 2748.99, 2799.79, 2848.24, 2894.11, 2937.18, 2977.3, 3014.41
14, 1988.6, 2026.26, 2067.4, 2111.59, 2158.44, 2207.57, 2258.62, 2311.22, 2365.01, 2419.59, 2474.6, 2529.63, 2584.28, 2638.18, 2690.95, 2742.24, 2791.7, 2839.07, 2884.07, 2926.52, 2966.26
15, 1975.64, 2008.82, 2045.52, 2085.35, 2127.97, 2173.06, 2220.3, 2269.36, 2319.91, 2371.62, 2424.14, 2477.11, 2530.16, 2582.95, 2635.1, 2686.27, 2736.12, 2784.35, 2830.68, 2874.85, 2916.68
16, 1964.95, 1994.11, 2026.75, 2062.55, 2101.22, 2142.48, 2186.05, 2231.63, 2278.94, 2327.69, 2377.56, 2428.23, 2479.38, 2530.67, 2581.76, 2632.32, 2682.02, 2730.56, 2777.63, 2822.97, 2866.34
17, 1956.12, 1981.67, 2010.63, 2042.74, 2077.74, 2115.39, 2155.45, 2197.67, 2241.8, 2287.57, 2334.71, 2382.94, 2431.95, 2481.46, 2531.14, 2580.69, 2629.8, 2678.15, 2725.46, 2771.44, 2815.85
18, 1948.81, 1971.15, 1996.8, 2025.53, 2057.14, 2091.41, 2128.16, 2167.15, 2208.17, 2251, 2295.38, 2341.08, 2387.82, 2435.34, 2483.36, 2531.58, 2579.72, 2627.49, 2674.59, 2720.76, 2765.73
19, 1942.76, 1962.26, 1984.92, 2010.57, 2039.05, 2070.19, 2103.82, 2139.74, 2177.77, 2217.72, 2259.37, 2302.51, 2346.9, 2392.29, 2438.45, 2485.11, 2531.99, 2578.84, 2625.37, 2671.31, 2716.42
20, 1937.75, 1954.73, 1974.72, 1997.58, 2023.2, 2051.43, 2082.13, 2115.15, 2150.32, 2187.49, 2226.46, 2267.04, 2309.04, 2352.23, 2396.4, 2441.31, 2486.72, 2532.37, 2578.02, 2623.41, 2668.28
pvappf(kg/kg)_MAP
D/L_index, 0, 1, 2, 3, 4, 5, 6, 7, 8, 9, 10, 11, 12, 13, 14, 15, 16, 17, 18, 19, 20
0, 1913.34, 2226.37, 2481.55, 2683.89, 2840.75, 2960.21, 3049.93, 3116.62, 3165.8, 3201.85, 3228.17, 3247.31, 3261.21, 3271.29, 3278.58, 3283.85, 3287.67, 3290.42, 3292.41, 3293.84, 3294.88
1, 1913.34, 2142.6, 2344.99, 2521, 2671.58, 2798.26, 2903.11, 2988.6, 3057.36, 3112.03, 3155.05, 3188.62, 3214.62, 3234.64, 3249.97, 3261.66, 3270.54, 3277.27, 3282.35, 3286.17, 3289.05
2, 1913.34, 2086.04, 2247.91, 2398.11, 2535.5, 2659.13, 2768.44, 2863.45, 2944.69, 3013.14, 3070.03, 3116.76, 3154.74, 3185.34, 3209.79, 3229.19, 3244.5, 3256.51, 3265.9, 3273.2, 3278.87
3, 1913.34, 2046.15, 2176.77, 2304.01, 2426.24, 2541.72, 2648.91, 2746.65, 2834.24, 2911.47, 2978.55, 3036.03, 3084.65, 3125.34, 3159.06, 3186.75, 3209.31, 3227.58, 3242.27, 3254.03, 3263.4
4, 1913.34, 2017.09, 2123.33, 2230.92, 2338.24, 2443.48, 2544.86, 2640.8, 2730.05, 2811.71, 2885.27, 2950.57, 3007.76, 3057.23, 3099.55, 3135.39, 3165.46, 3190.49, 3211.17, 3228.14, 3241.98
5, 1913.34, 1995.36, 2082.4, 2173.41, 2266.99, 2361.49, 2455.25, 2546.67, 2634.31, 2716.96, 2793.72, 2863.94, 2927.32, 2983.77, 3033.46, 3076.71, 3113.98, 3145.8, 3172.75, 3195.39, 3214.28
6, 1913.34, 1978.8, 2050.53, 2127.64, 2208.94, 2293.06, 2378.55, 2463.94, 2547.85, 2629.01, 2706.32, 2778.92, 2846.15, 2907.6, 2963.08, 3012.6, 3056.32, 3094.53, 3127.64, 3156.07, 3180.31
7, 1913.34, 1965.97, 2025.39, 2090.84, 2161.36, 2235.83, 2313.05, 2391.75, 2470.69, 2548.67, 2624.59, 2697.46, 2766.49, 2831.02, 2890.61, 2945.01, 2994.11, 3037.97, 3076.79, 3110.82, 3140.41
8, 1913.34, 1955.92, 2005.34, 2061, 2122.14, 2187.85, 2257.15, 2329.01, 2402.35, 2476.12, 2549.26, 2620.83, 2689.94, 2755.85, 2817.94, 2875.77, 2929.03, 2977.58, 3021.37, 3060.52, 3095.21
9, 1913.34, 1947.95, 1989.2, 2036.63, 2089.63, 2147.49, 2209.43, 2274.61, 2342.15, 2411.12, 2480.61, 2549.71, 2617.59, 2683.45, 2746.61, 2806.5, 2862.66, 2914.79, 2962.68, 3006.26, 3045.56
10, 1913.34, 1941.58, 1976.11, 2016.59, 2062.55, 2113.43, 2168.64, 2227.49, 2289.27, 2353.21, 2418.52, 2484.4, 2550.06, 2614.75, 2677.77, 2738.49, 2796.37, 2850.98, 2901.98, 2949.17, 2992.43
11, 1913.34, 1936.46, 1965.44, 2000.03, 2039.89, 2084.61, 2133.72, 2186.68, 2242.91, 2301.81, 2362.69, 2424.87, 2487.65, 2550.33, 2612.24, 2672.75, 2731.27, 2787.32, 2840.47, 2890.39, 2936.85
12, 1913.34, 1932.31, 1956.68, 1986.28, 2020.87, 2060.15, 2103.77, 2151.3, 2202.31, 2256.29, 2312.69, 2370.92, 2430.39, 2490.47, 2550.54, 2610, 2668.26, 2724.81, 2779.18, 2830.95, 2879.83
13, 1913.34, 1928.95, 1949.47, 1974.82, 2004.85, 2039.34, 2078.04, 2120.63, 2166.77, 2216.05, 2268.04, 2322.25, 2378.17, 2435.25, 2492.95, 2550.71, 2607.97, 2664.23, 2718.98, 2771.79, 2822.29
14, 1913.34, 1926.2, 1943.5, 1965.24, 1991.31, 2021.59, 2055.9, 2094.01, 2135.65, 2180.51, 2228.25, 2278.47, 2330.73, 2384.6, 2439.57, 2495.15, 2550.84, 2606.14, 2660.57, 2713.67, 2765.05
15, 1913.34, 1923.95, 1938.56, 1957.2, 1979.85, 2006.43, 2036.82, 2070.88, 2108.39, 2149.14, 2192.84, 2239.18, 2287.8, 2338.33, 2390.36, 2443.43, 2497.11, 2550.94, 2604.46, 2657.22, 2708.83
16, 1913.34, 1922.11, 1934.45, 1950.44, 1970.12, 1993.44, 2020.36, 2050.76, 2084.52, 2121.45, 2161.35, 2203.98, 2249.04, 2296.23, 2345.19, 2395.55, 2446.92, 2498.88, 2551.02, 2602.91, 2654.16
17, 1913.34, 1920.59, 1931.02, 1944.75, 1961.84, 1982.31, 2006.13, 2033.25, 2063.59, 2097.02, 2133.38, 2172.49, 2214.11, 2258.01, 2303.88, 2351.42, 2400.27, 2450.08, 2500.48, 2551.08, 2601.48
18, 1913.34, 1919.34, 1928.17, 1939.95, 1954.8, 1972.75, 1993.82, 2018, 2045.24, 2075.45, 2108.53, 2144.33, 2182.69, 2223.39, 2266.2, 2310.87, 2357.1, 2404.58, 2452.97, 2501.94, 2551.12
19, 1913.34, 1918.31, 1925.78, 1935.9, 1948.79, 1964.53, 1983.17, 2004.71, 2029.14, 2056.41, 2086.46, 2119.18, 2154.44, 2192.08, 2231.92, 2273.73, 2317.29, 2362.32, 2408.53, 2455.62, 2503.27
20, 1913.34, 1917.46, 1923.78, 1932.47, 1943.67, 1957.47, 1973.94, 1993.11, 2015.01, 2039.6, 2066.86, 2096.71, 2129.07, 2163.8, 2200.77, 2239.79, 2280.68, 2323.21, 2367.12, 2412.17, 2458.05
flfa(kg/s)_MAP @ per segment per channel
D/L index, 0, 1, 2, 3, 4, 5, 6, 7, 8, 9, 10, 11, 12, 13, 14, 15, 16, 17, 18, 19, 20
0, 1.45051e-005, 1.45103e-005, 1.45152e-005, 1.45194e-005, 1.45229e-005, 1.45257e-005, 1.45278e-005, 1.45295e-005, 1.45307e-005, 1.45317e-005, 1.45323e-005, 1.45328e-005, 1.45332e-005, 1.45335e-005, 1.45337e-005, 1.45338e-005, 1.45339e-005, 1.4534e-005, 1.4534e-005, 1.45341e-005, 1.45341e-005
1, 1.44838e-005, 1.44914e-005, 1.44987e-005, 1.45052e-005, 1.45109e-005, 1.45158e-005, 1.45197e-005, 1.4523e-005, 1.45255e-005, 1.45276e-005, 1.45291e-005, 1.45304e-005, 1.45313e-005, 1.4532e-005, 1.45325e-005, 1.4533e-005, 1.45333e-005, 1.45335e-005, 1.45337e-005, 1.45338e-005, 1.45339e-005
2, 1.44678e-005, 1.44764e-005, 1.44847e-005, 1.44924e-005, 1.44993e-005, 1.45055e-005, 1.45108e-005, 1.45153e-005, 1.45191e-005, 1.45222e-005, 1.45247e-005, 1.45268e-005, 1.45284e-005, 1.45297e-005, 1.45307e-005, 1.45315e-005, 1.45321e-005, 1.45326e-005, 1.4533e-005, 1.45332e-005, 1.45335e-005
3, 1.44555e-005, 1.44642e-005, 1.44728e-005, 1.44809e-005, 1.44885e-005, 1.44954e-005, 1.45016e-005, 1.4507e-005, 1.45118e-005, 1.45158e-005, 1.45193e-005, 1.45221e-005, 1.45245e-005, 1.45265e-005, 1.45281e-005, 1.45293e-005, 1.45304e-005, 1.45312e-005, 1.45318e-005, 1.45324e-005, 1.45328e-005
4, 1.44458e-005, 1.44544e-005, 1.44628e-005, 1.44709e-005, 1.44787e-005, 1.44859e-005, 1.44926e-005, 1.44986e-005, 1.45041e-005, 1.45089e-005, 1.45131e-005, 1.45167e-005, 1.45198e-005, 1.45225e-005, 1.45247e-005, 1.45265e-005, 1.4528e-005, 1.45292e-005, 1.45302e-005, 1.4531e-005, 1.45317e-005
5, 1.44382e-005, 1.44463e-005, 1.44543e-005, 1.44622e-005, 1.44698e-005, 1.44771e-005, 1.4484e-005, 1.44904e-005, 1.44963e-005, 1.45017e-005, 1.45065e-005, 1.45107e-005, 1.45145e-005, 1.45178e-005, 1.45206e-005, 1.4523e-005, 1.4525e-005, 1.45267e-005, 1.45281e-005, 1.45292e-005, 1.45302e-005
6, 1.44322e-005, 1.44396e-005, 1.44471e-005, 1.44546e-005, 1.4462e-005, 1.44691e-005, 1.4476e-005, 1.44825e-005, 1.44887e-005, 1.44944e-005, 1.44996e-005, 1.45044e-005, 1.45087e-005, 1.45125e-005, 1.45159e-005, 1.45188e-005, 1.45214e-005, 1.45235e-005, 1.45254e-005, 1.45269e-005, 1.45282e-005
7, 1.44273e-005, 1.44341e-005, 1.44411e-005, 1.44481e-005, 1.44551e-005, 1.44619e-005, 1.44687e-005, 1.44751e-005, 1.44814e-005, 1.44873e-005, 1.44928e-005, 1.44979e-005, 1.45026e-005, 1.45069e-005, 1.45107e-005, 1.45142e-005, 1.45172e-005, 1.45198e-005, 1.45221e-005, 1.45241e-005, 1.45258e-005
8, 1.44233e-005, 1.44295e-005, 1.44359e-005, 1.44424e-005, 1.44489e-005, 1.44555e-005, 1.44619e-005, 1.44683e-005, 1.44745e-005, 1.44804e-005, 1.44861e-005, 1.44914e-005, 1.44964e-005, 1.4501e-005, 1.45053e-005, 1.45091e-005, 1.45126e-005, 1.45157e-005, 1.45184e-005, 1.45208e-005, 1.45229e-005
9, 1.44201e-005, 1.44257e-005, 1.44315e-005, 1.44375e-005, 1.44436e-005, 1.44497e-005, 1.44559e-005, 1.4462e-005, 1.4468e-005, 1.44739e-005, 1.44796e-005, 1.4485e-005, 1.44902e-005, 1.44951e-005, 1.44996e-005, 1.45038e-005, 1.45077e-005, 1.45112e-005, 1.45143e-005, 1.45171e-005, 1.45196e-005
10, 1.44175e-005, 1.44225e-005, 1.44277e-005, 1.44332e-005, 1.44388e-005, 1.44446e-005, 1.44504e-005, 1.44562e-005, 1.4462e-005, 1.44678e-005, 1.44734e-005, 1.44789e-005, 1.44841e-005, 1.44892e-005, 1.44939e-005, 1.44984e-005, 1.45025e-005, 1.45063e-005, 1.45098e-005, 1.4513e-005, 1.45159e-005
11, 1.44154e-005, 1.44198e-005, 1.44245e-005, 1.44295e-005, 1.44347e-005, 1.444e-005, 1.44455e-005, 1.4451e-005, 1.44565e-005, 1.44621e-005, 1.44676e-005, 1.4473e-005, 1.44783e-005, 1.44833e-005, 1.44882e-005, 1.44929e-005, 1.44972e-005, 1.45013e-005, 1.45051e-005, 1.45086e-005, 1.45118e-005
12, 1.44136e-005, 1.44175e-005, 1.44218e-005, 1.44263e-005, 1.4431e-005, 1.4436e-005, 1.4441e-005, 1.44462e-005, 1.44515e-005, 1.44568e-005, 1.44621e-005, 1.44674e-005, 1.44726e-005, 1.44777e-005, 1.44826e-005, 1.44874e-005, 1.44919e-005, 1.44962e-005, 1.45002e-005, 1.4504e-005, 1.45075e-005
13, 1.44122e-005, 1.44156e-005, 1.44194e-005, 1.44235e-005, 1.44278e-005, 1.44324e-005, 1.44371e-005, 1.44419e-005, 1.44469e-005, 1.4452e-005, 1.44571e-005, 1.44622e-005, 1.44673e-005, 1.44723e-005, 1.44772e-005, 1.4482e-005, 1.44866e-005, 1.44911e-005, 1.44953e-005, 1.44992e-005, 1.4503e-005
14, 1.4411e-005, 1.4414e-005, 1.44174e-005, 1.44211e-005, 1.4425e-005, 1.44292e-005, 1.44335e-005, 1.44381e-005, 1.44427e-005, 1.44475e-005, 1.44524e-005, 1.44573e-005, 1.44622e-005, 1.44672e-005, 1.4472e-005, 1.44768e-005, 1.44814e-005, 1.44859e-005, 1.44903e-005, 1.44944e-005, 1.44983e-005
15, 1.441e-005, 1.44127e-005, 1.44157e-005, 1.4419e-005, 1.44225e-005, 1.44264e-005, 1.44304e-005, 1.44346e-005, 1.4439e-005, 1.44435e-005, 1.44481e-005, 1.44528e-005, 1.44575e-005, 1.44623e-005, 1.4467e-005, 1.44718e-005, 1.44764e-005, 1.44809e-005, 1.44853e-005, 1.44896e-005, 1.44936e-005
16, 1.44092e-005, 1.44115e-005, 1.44142e-005, 1.44172e-005, 1.44204e-005, 1.44239e-005, 1.44275e-005, 1.44314e-005, 1.44355e-005, 1.44398e-005, 1.44441e-005, 1.44486e-005, 1.44531e-005, 1.44577e-005, 1.44623e-005, 1.44669e-005, 1.44715e-005, 1.4476e-005, 1.44804e-005, 1.44847e-005, 1.44889e-005
17, 1.44085e-005, 1.44106e-005, 1.44129e-005, 1.44156e-005, 1.44185e-005, 1.44216e-005, 1.4425e-005, 1.44286e-005, 1.44324e-005, 1.44364e-005, 1.44405e-005, 1.44447e-005, 1.4449e-005, 1.44534e-005, 1.44579e-005, 1.44624e-005, 1.44669e-005, 1.44713e-005, 1.44757e-005, 1.448e-005, 1.44842e-005
18, 1.4408e-005, 1.44098e-005, 1.44118e-005, 1.44142e-005, 1.44168e-005, 1.44197e-005, 1.44228e-005, 1.44261e-005, 1.44296e-005, 1.44333e-005, 1.44371e-005, 1.44411e-005, 1.44452e-005, 1.44495e-005, 1.44537e-005, 1.44581e-005, 1.44624e-005, 1.44668e-005, 1.44711e-005, 1.44754e-005, 1.44796e-005
19, 1.44075e-005, 1.44091e-005, 1.44109e-005, 1.4413e-005, 1.44154e-005, 1.4418e-005, 1.44208e-005, 1.44238e-005, 1.44271e-005, 1.44305e-005, 1.44341e-005, 1.44379e-005, 1.44417e-005, 1.44457e-005, 1.44498e-005, 1.4454e-005, 1.44582e-005, 1.44625e-005, 1.44667e-005, 1.44709e-005, 1.44751e-005
20, 1.44071e-005, 1.44085e-005, 1.44101e-005, 1.4412e-005, 1.44141e-005, 1.44164e-005, 1.4419e-005, 1.44218e-005, 1.44248e-005, 1.4428e-005, 1.44313e-005, 1.44348e-005, 1.44385e-005, 1.44423e-005, 1.44462e-005, 1.44502e-005, 1.44542e-005, 1.44584e-005, 1.44625e-005, 1.44666e-005, 1.44708e-005
flpf(kg/s)_MAP @ per segment per channel
D/L index, 0, 1, 2, 3, 4, 5, 6, 7, 8, 9, 10, 11, 12, 13, 14, 15, 16, 17, 18, 19, 20
0, 1.45632e-005, 1.45871e-005, 1.46061e-005, 1.46209e-005, 1.46322e-005, 1.46407e-005, 1.4647e-005, 1.46517e-005, 1.46551e-005, 1.46576e-005, 1.46594e-005, 1.46607e-005, 1.46617e-005, 1.46624e-005, 1.46629e-005, 1.46633e-005, 1.46635e-005, 1.46637e-005, 1.46639e-005, 1.4664e-005, 1.4664e-005
1, 1.45554e-005, 1.45743e-005, 1.45908e-005, 1.46049e-005, 1.46169e-005, 1.46268e-005, 1.46349e-005, 1.46414e-005, 1.46466e-005, 1.46506e-005, 1.46538e-005, 1.46563e-005, 1.46582e-005, 1.46597e-005, 1.46608e-005, 1.46616e-005, 1.46623e-005, 1.46628e-005, 1.46631e-005, 1.46634e-005, 1.46636e-005
2, 1.45502e-005, 1.45653e-005, 1.45793e-005, 1.45922e-005, 1.46038e-005, 1.46141e-005, 1.4623e-005, 1.46307e-005, 1.46372e-005, 1.46426e-005, 1.4647e-005, 1.46506e-005, 1.46535e-005, 1.46558e-005, 1.46577e-005, 1.46592e-005, 1.46603e-005, 1.46612e-005, 1.46619e-005, 1.46624e-005, 1.46628e-005
3, 1.45465e-005, 1.45586e-005, 1.45705e-005, 1.45819e-005, 1.45927e-005, 1.46028e-005, 1.4612e-005, 1.46203e-005, 1.46276e-005, 1.46339e-005, 1.46393e-005, 1.4644e-005, 1.46478e-005, 1.4651e-005, 1.46537e-005, 1.46558e-005, 1.46575e-005, 1.46589e-005, 1.46601e-005, 1.4661e-005, 1.46617e-005
4, 1.45438e-005, 1.45537e-005, 1.45637e-005, 1.45737e-005, 1.45835e-005, 1.4593e-005, 1.4602e-005, 1.46104e-005, 1.46181e-005, 1.46251e-005, 1.46313e-005, 1.46367e-005, 1.46414e-005, 1.46454e-005, 1.46488e-005, 1.46516e-005, 1.4654e-005, 1.4656e-005, 1.46576e-005, 1.46589e-005, 1.466e-005
5, 1.45418e-005, 1.45498e-005, 1.45583e-005, 1.4567e-005, 1.45759e-005, 1.45846e-005, 1.45932e-005, 1.46014e-005, 1.46092e-005, 1.46164e-005, 1.46231e-005, 1.46291e-005, 1.46344e-005, 1.46391e-005, 1.46432e-005, 1.46467e-005, 1.46498e-005, 1.46523e-005, 1.46545e-005, 1.46563e-005, 1.46578e-005
6, 1.45402e-005, 1.45469e-005, 1.45541e-005, 1.45616e-005, 1.45695e-005, 1.45775e-005, 1.45854e-005, 1.45933e-005, 1.46009e-005, 1.46082e-005, 1.4615e-005, 1.46214e-005, 1.46272e-005, 1.46324e-005, 1.46371e-005, 1.46413e-005, 1.46449e-005, 1.4648e-005, 1.46507e-005, 1.4653e-005, 1.4655e-005
7, 1.4539e-005, 1.45446e-005, 1.45506e-005, 1.45572e-005, 1.45641e-005, 1.45713e-005, 1.45787e-005, 1.45861e-005, 1.45934e-005, 1.46005e-005, 1.46074e-005, 1.46139e-005, 1.462e-005, 1.46256e-005, 1.46307e-005, 1.46354e-005, 1.46395e-005, 1.46432e-005, 1.46464e-005, 1.46493e-005, 1.46517e-005
8, 1.45381e-005, 1.45427e-005, 1.45479e-005, 1.45535e-005, 1.45597e-005, 1.45661e-005, 1.45728e-005, 1.45797e-005, 1.45866e-005, 1.45934e-005, 1.46002e-005, 1.46067e-005, 1.46129e-005, 1.46187e-005, 1.46242e-005, 1.46292e-005, 1.46338e-005, 1.4638e-005, 1.46417e-005, 1.4645e-005, 1.46479e-005
9, 1.45374e-005, 1.45412e-005, 1.45456e-005, 1.45505e-005, 1.45559e-005, 1.45617e-005, 1.45677e-005, 1.45741e-005, 1.45805e-005, 1.4587e-005, 1.45935e-005, 1.45999e-005, 1.46061e-005, 1.4612e-005, 1.46176e-005, 1.46229e-005, 1.46279e-005, 1.46324e-005, 1.46365e-005, 1.46403e-005, 1.46436e-005
10, 1.45368e-005, 1.454e-005, 1.45437e-005, 1.4548e-005, 1.45527e-005, 1.45579e-005, 1.45634e-005, 1.45691e-005, 1.45751e-005, 1.45812e-005, 1.45874e-005, 1.45935e-005, 1.45996e-005, 1.46055e-005, 1.46112e-005, 1.46167e-005, 1.46218e-005, 1.46267e-005, 1.46311e-005, 1.46352e-005, 1.46389e-005
11, 1.45363e-005, 1.4539e-005, 1.45422e-005, 1.45459e-005, 1.45501e-005, 1.45546e-005, 1.45595e-005, 1.45648e-005, 1.45703e-005, 1.4576e-005, 1.45818e-005, 1.45877e-005, 1.45935e-005, 1.45994e-005, 1.4605e-005, 1.46106e-005, 1.46158e-005, 1.46209e-005, 1.46256e-005, 1.463e-005, 1.4634e-005
12, 1.45359e-005, 1.45382e-005, 1.45409e-005, 1.45441e-005, 1.45478e-005, 1.45518e-005, 1.45563e-005, 1.4561e-005, 1.4566e-005, 1.45713e-005, 1.45767e-005, 1.45823e-005, 1.45879e-005, 1.45936e-005, 1.45991e-005, 1.46046e-005, 1.46099e-005, 1.46151e-005, 1.462e-005, 1.46246e-005, 1.46289e-005
13, 1.45356e-005, 1.45375e-005, 1.45399e-005, 1.45426e-005, 1.45458e-005, 1.45494e-005, 1.45534e-005, 1.45577e-005, 1.45623e-005, 1.45671e-005, 1.45722e-005, 1.45774e-005, 1.45828e-005, 1.45882e-005, 1.45936e-005, 1.4599e-005, 1.46042e-005, 1.46094e-005, 1.46144e-005, 1.46191e-005, 1.46237e-005
14, 1.45354e-005, 1.4537e-005, 1.4539e-005, 1.45414e-005, 1.45442e-005, 1.45474e-005, 1.45509e-005, 1.45548e-005, 1.4559e-005, 1.45634e-005, 1.45681e-005, 1.4573e-005, 1.4578e-005, 1.45832e-005, 1.45884e-005, 1.45936e-005, 1.45988e-005, 1.46039e-005, 1.46089e-005, 1.46137e-005, 1.46184e-005
15, 1.45351e-005, 1.45365e-005, 1.45382e-005, 1.45403e-005, 1.45428e-005, 1.45456e-005, 1.45488e-005, 1.45523e-005, 1.45561e-005, 1.45601e-005, 1.45644e-005, 1.4569e-005, 1.45737e-005, 1.45786e-005, 1.45835e-005, 1.45886e-005, 1.45936e-005, 1.45986e-005, 1.46036e-005, 1.46084e-005, 1.46132e-005
16, 1.4535e-005, 1.45361e-005, 1.45376e-005, 1.45394e-005, 1.45416e-005, 1.45441e-005, 1.45469e-005, 1.455e-005, 1.45535e-005, 1.45572e-005, 1.45612e-005, 1.45654e-005, 1.45698e-005, 1.45743e-005, 1.4579e-005, 1.45839e-005, 1.45887e-005, 1.45936e-005, 1.45985e-005, 1.46033e-005, 1.4608e-005
17, 1.45348e-005, 1.45358e-005, 1.45371e-005, 1.45387e-005, 1.45406e-005, 1.45428e-005, 1.45453e-005, 1.45481e-005, 1.45512e-005, 1.45546e-005, 1.45582e-005, 1.45621e-005, 1.45662e-005, 1.45705e-005, 1.45749e-005, 1.45795e-005, 1.45841e-005, 1.45889e-005, 1.45936e-005, 1.45983e-005, 1.4603e-005
18, 1.45347e-005, 1.45355e-005, 1.45366e-005, 1.4538e-005, 1.45397e-005, 1.45416e-005, 1.45439e-005, 1.45464e-005, 1.45492e-005, 1.45523e-005, 1.45556e-005, 1.45592e-005, 1.4563e-005, 1.4567e-005, 1.45711e-005, 1.45754e-005, 1.45799e-005, 1.45844e-005, 1.4589e-005, 1.45936e-005, 1.45982e-005
19, 1.45346e-005, 1.45353e-005, 1.45363e-005, 1.45374e-005, 1.45389e-005, 1.45406e-005, 1.45426e-005, 1.45449e-005, 1.45474e-005, 1.45502e-005, 1.45533e-005, 1.45565e-005, 1.45601e-005, 1.45638e-005, 1.45677e-005, 1.45717e-005, 1.45759e-005, 1.45803e-005, 1.45847e-005, 1.45891e-005, 1.45936e-005
20, 1.45345e-005, 1.45351e-005, 1.45359e-005, 1.4537e-005, 1.45382e-005, 1.45398e-005, 1.45416e-005, 1.45436e-005, 1.45459e-005, 1.45484e-005, 1.45512e-005, 1.45542e-005, 1.45574e-005, 1.45609e-005, 1.45645e-005, 1.45683e-005, 1.45723e-005, 1.45764e-005, 1.45806e-005, 1.45849e-005, 1.45892e-005
vappermeat(kg/m2/s)_MAP from feed-side to permeate-side @ per segment per channel
D/L index, 0, 1, 2, 3, 4, 5, 6, 7, 8, 9, 10, 11, 12, 13, 14, 15, 16, 17, 18, 19, 20
0, 0.000187384, 0.000153646, 0.000122404, 9.5247e-005, 7.2743e-005, 5.47562e-005, 4.07637e-005, 3.00959e-005, 2.20829e-005, 1.61298e-005, 1.17422e-005, 8.52737e-006, 6.18173e-006, 4.47557e-006, 3.2373e-006, 2.34006e-006, 1.69069e-006, 1.22109e-006, 8.81714e-007, 6.36547e-007, 4.59494e-007
1, 0.000137116, 0.000121589, 0.000106153, 9.11206e-005, 7.68757e-005, 6.37819e-005, 5.21053e-005, 4.19807e-005, 3.34166e-005, 2.63247e-005, 2.05558e-005, 1.59321e-005, 1.22714e-005, 9.40212e-006, 7.17171e-006, 5.44975e-006, 4.12787e-006, 3.11791e-006, 2.34936e-006, 1.7665e-006, 1.32574e-006
2, 0.00010323, 9.70929e-005, 9.03791e-005, 8.29212e-005, 7.48093e-005, 6.63071e-005, 5.7753e-005, 4.94769e-005, 4.17469e-005, 3.47457e-005, 2.85697e-005, 2.32428e-005, 1.87345e-005, 1.49795e-005, 1.18939e-005, 9.38687e-006, 7.36939e-006, 5.75897e-006, 4.48234e-006, 3.47631e-006, 2.68755e-006
3, 7.93547e-005, 7.82544e-005, 7.64379e-005, 7.36155e-005, 6.972e-005, 6.48611e-005, 5.92654e-005, 5.32165e-005, 4.7004e-005, 4.08873e-005, 3.50735e-005, 2.97095e-005, 2.48832e-005, 2.06327e-005, 1.69567e-005, 1.38265e-005, 1.11962e-005, 9.01079e-006, 7.21267e-006, 5.74557e-006, 4.55723e-006
4, 6.19675e-005, 6.36022e-005, 6.4548e-005, 6.45258e-005, 6.34128e-005, 6.12192e-005, 5.8057e-005, 5.4108e-005, 4.95928e-005, 4.47426e-005, 3.97757e-005, 3.48811e-005, 3.02087e-005, 2.58662e-005, 2.19213e-005, 1.84069e-005, 1.53281e-005, 1.26697e-005, 1.04029e-005, 8.49082e-006, 6.89324e-006
5, 4.89793e-005, 5.20697e-005, 5.45487e-005, 5.61869e-005, 5.68572e-005, 5.65208e-005, 5.52122e-005, 5.30253e-005, 5.0098e-005, 4.65969e-005, 4.27008e-005, 3.85864e-005, 3.44151e-005, 3.03244e-005, 2.64225e-005, 2.2788e-005, 1.94705e-005, 1.64954e-005, 1.38678e-005, 1.15779e-005, 9.60542e-006
6, 3.9082e-005, 4.28909e-005, 4.61778e-005, 4.8766e-005, 5.05437e-005, 5.14543e-005, 5.14891e-005, 5.06817e-005, 4.91031e-005, 4.68553e-005, 4.40633e-005, 4.0865e-005, 3.74017e-005, 3.38083e-005, 3.02056e-005, 2.66951e-005, 2.33563e-005, 2.02464e-005, 1.74017e-005, 1.48406e-005, 1.25667e-005
7, 3.14198e-005, 3.55126e-005, 3.91717e-005, 4.22642e-005, 4.46983e-005, 4.64153e-005, 4.73856e-005, 4.76073e-005, 4.71054e-005, 4.59312e-005, 4.41596e-005, 4.18847e-005, 3.92136e-005, 3.62594e-005, 3.31342e-005, 2.99424e-005, 2.67757e-005, 2.37104e-005, 2.08055e-005, 1.8103e-005, 1.56293e-005
8, 2.54122e-005, 2.95302e-005, 3.32971e-005, 3.66132e-005, 3.94045e-005, 4.16171e-005, 4.32135e-005, 4.4173e-005, 4.44924e-005, 4.41881e-005, 4.32961e-005, 4.18717e-005, 3.99863e-005, 3.77239e-005, 3.51757e-005, 3.24347e-005, 2.95905e-005, 2.67249e-005, 2.39087e-005, 2.11997e-005, 1.86422e-005
9, 2.06531e-005, 2.46433e-005, 2.8358e-005, 3.17207e-005, 3.46719e-005, 3.7164e-005, 3.91586e-005, 4.06264e-005, 4.15486e-005, 4.19198e-005, 4.1749e-005, 4.10616e-005, 3.98982e-005, 3.8314e-005, 3.63752e-005, 3.4156e-005, 3.17338e-005, 2.91856e-005, 2.65836e-005, 2.39925e-005, 2.14673e-005
10, 1.68514e-005, 2.0626e-005, 2.4193e-005, 2.74916e-005, 3.04732e-005, 3.30964e-005, 3.53245e-005, 3.71255e-005, 3.84733e-005, 3.935e-005, 3.97476e-005, 3.96703e-005, 3.91354e-005, 3.81734e-005, 3.68268e-005, 3.51488e-005, 3.32e-005, 3.10454e-005, 2.87509e-005, 2.63801e-005, 2.39916e-005
11, 1.37937e-005, 1.73057e-005, 2.06703e-005, 2.38372e-005, 2.67653e-005, 2.94183e-005, 3.17625e-005, 3.37662e-005, 3.54007e-005, 3.66418e-005, 3.74718e-005, 3.78814e-005, 3.78712e-005, 3.74529e-005, 3.66492e-005, 3.54937e-005, 3.4029e-005, 3.23053e-005, 3.03772e-005, 2.83014e-005, 2.61341e-005
12, 1.13204e-005, 1.45488e-005, 1.76826e-005, 2.06781e-005, 2.34994e-005, 2.61142e-005, 2.84919e-005, 3.06025e-005, 3.24173e-005, 3.39097e-005, 3.50571e-005, 3.58423e-005, 3.62553e-005, 3.62942e-005, 3.59667e-005, 3.52899e-005, 3.42901e-005, 3.30022e-005, 3.14678e-005, 2.97332e-005, 2.78474e-005
13, 9.31057e-006, 1.22511e-005, 1.51424e-005, 1.79452e-005, 2.06271e-005, 2.3159e-005, 2.55129e-005, 2.7661e-005, 2.95758e-005, 3.12309e-005, 3.26017e-005, 3.36672e-005, 3.44107e-005, 3.48218e-005, 3.48972e-005, 3.46416e-005, 3.40678e-005, 3.31968e-005, 3.20571e-005, 3.06834e-005, 2.91154e-005
14, 7.67115e-006, 1.03299e-005, 1.29778e-005, 1.55787e-005, 1.81028e-005, 2.05232e-005, 2.28142e-005, 2.49503e-005, 2.69059e-005, 2.86555e-005, 3.01748e-005, 3.1441e-005, 3.24344e-005, 3.31395e-005, 3.35456e-005, 3.36485e-005, 3.34506e-005, 3.29615e-005, 3.21981e-005, 3.11838e-005, 2.99479e-005
15, 6.32962e-006, 8.71912e-006, 1.11298e-005, 1.35278e-005, 1.58852e-005, 1.81768e-005, 2.03791e-005, 2.24684e-005, 2.44212e-005, 2.62138e-005, 2.78226e-005, 2.92253e-005, 3.04008e-005, 3.13309e-005, 3.20007e-005, 3.23999e-005, 3.25235e-005, 3.23725e-005, 3.19539e-005, 3.12813e-005, 3.03741e-005
16, 5.22899e-006, 7.36569e-006, 9.54956e-006, 1.17488e-005, 1.39371e-005, 1.60907e-005, 1.81877e-005, 2.02064e-005, 2.21251e-005, 2.39221e-005, 2.55753e-005, 2.70631e-005, 2.83649e-005, 2.94612e-005, 3.03351e-005, 3.09726e-005, 3.13638e-005, 3.15032e-005, 3.13906e-005, 3.10312e-005, 3.0436e-005
17, 4.32404e-006, 6.22639e-006, 8.19649e-006, 1.02046e-005, 1.22256e-005, 1.42375e-005, 1.62196e-005, 1.81519e-005, 2.00145e-005, 2.17875e-005, 2.34505e-005, 2.49834e-005, 2.63662e-005, 2.75798e-005, 2.86064e-005, 2.94303e-005, 3.00383e-005, 3.04209e-005, 3.05723e-005, 3.04915e-005, 3.01823e-005
18, 3.57865e-006, 5.26592e-006, 7.03667e-006, 8.86321e-006, 1.0722e-005, 1.25922e-005, 1.44546e-005, 1.62906e-005, 1.8082e-005, 1.98104e-005, 2.14574e-005, 2.30042e-005, 2.44322e-005, 2.57232e-005, 2.68593e-005, 2.78243e-005, 2.86034e-005, 2.91844e-005, 2.9558e-005, 2.97185e-005, 2.96643e-005
19, 2.96378e-006, 4.45523e-006, 6.04163e-006, 7.69749e-006, 9.40085e-006, 1.11322e-005, 1.28735e-005, 1.46077e-005, 1.63179e-005, 1.79873e-005, 1.95991e-005, 2.11362e-005, 2.25813e-005, 2.39173e-005, 2.51272e-005, 2.61947e-005, 2.71047e-005, 2.78435e-005, 2.83997e-005, 2.87643e-005, 2.89318e-005
20, 2.45593e-006, 3.7703e-006, 5.18739e-006, 6.68404e-006, 8.23997e-006, 9.83703e-006, 1.14585e-005, 1.30884e-005, 1.47113e-005, 1.63118e-005, 1.78747e-005, 1.93842e-005, 2.08246e-005, 2.21801e-005, 2.34346e-005, 2.45726e-005, 2.5579e-005, 2.64397e-005, 2.71421e-005, 2.76754e-005, 2.80312e-005
